<?xml version="1.0" encoding="UTF-8"?>
<!-- Generated by org.testng.reporters.JUnitReportReporter -->
<testsuite hostname="DESKTOP-5V6VI5K" failures="0" tests="1" name="com.part3.ReadDataFromExcelSheet.Question1" time="14.206" errors="0" timestamp="2024-02-13T10:08:51 IST" skipped="0">
  <testcase classname="com.part3.ReadDataFromExcelSheet.Question1" name="retrieveTheLinkByLambadaExpressions" time="14.206"/>
  <system-out/>
</testsuite> <!-- com.part3.ReadDataFromExcelSheet.Question1 -->
